gefaalde tests: 
```
[INFO] 
[INFO] -------------------------------------------------------
[INFO]  T E S T S
[INFO] -------------------------------------------------------
[INFO] Running eu.openanalytics.phaedra.imaging.CodecTest
[ERROR] Tests run: 6, Failures: 0, Errors: 6, Skipped: 0, Time elapsed: 1.104 s <<< FAILURE! -- in eu.openanalytics.phaedra.imaging.CodecTest
[ERROR] eu.openanalytics.phaedra.imaging.CodecTest.testDecodeFull -- Time elapsed: 0.103 s <<< ERROR!
java.lang.UnsatisfiedLinkError: /tmp/phaedra2-openjpeg16779032111846797060/libopenjp2.so: /lib/x86_64-linux-gnu/libc.so.6: version `GLIBC_2.38' not found (required by /tmp/phaedra2-openjpeg16779032111846797060/libopenjp2.so)
	at java.base/jdk.internal.loader.NativeLibraries.load(Native Method)
	at java.base/jdk.internal.loader.NativeLibraries$NativeLibraryImpl.open(NativeLibraries.java:331)
	at java.base/jdk.internal.loader.NativeLibraries.loadLibrary(NativeLibraries.java:197)
	at java.base/jdk.internal.loader.NativeLibraries.loadLibrary(NativeLibraries.java:139)
	at java.base/java.lang.ClassLoader.loadLibrary(ClassLoader.java:2418)
	at java.base/java.lang.Runtime.load0(Runtime.java:852)
	at java.base/java.lang.System.load(System.java:2025)
	at eu.openanalytics.phaedra.imaging.jp2k.openjpeg.OpenJPEGLibLoader.load(OpenJPEGLibLoader.java:70)
	at eu.openanalytics.phaedra.imaging.jp2k.openjpeg.OpenJPEGCodec.<clinit>(OpenJPEGCodec.java:47)
	at eu.openanalytics.phaedra.imaging.CodecFactory.createCodec(CodecFactory.java:38)
	at eu.openanalytics.phaedra.imaging.CodecTest.testDecodeFull(CodecTest.java:48)
	at java.base/java.lang.reflect.Method.invoke(Method.java:580)
	at java.base/java.util.ArrayList.forEach(ArrayList.java:1596)
	at java.base/java.util.ArrayList.forEach(ArrayList.java:1596)

[ERROR] eu.openanalytics.phaedra.imaging.CodecTest.testEncode1bit -- Time elapsed: 0.602 s <<< ERROR!
java.lang.NoClassDefFoundError: Could not initialize class eu.openanalytics.phaedra.imaging.jp2k.openjpeg.OpenJPEGCodec
	at eu.openanalytics.phaedra.imaging.CodecFactory.createCodec(CodecFactory.java:38)
	at eu.openanalytics.phaedra.imaging.CodecTest.testEncode(CodecTest.java:134)
	at eu.openanalytics.phaedra.imaging.CodecTest.testEncode1bit(CodecTest.java:130)
	at java.base/java.lang.reflect.Method.invoke(Method.java:580)
	at java.base/java.util.ArrayList.forEach(ArrayList.java:1596)
	at java.base/java.util.ArrayList.forEach(ArrayList.java:1596)
Caused by: java.lang.ExceptionInInitializerError: Exception java.lang.UnsatisfiedLinkError: /tmp/phaedra2-openjpeg16779032111846797060/libopenjp2.so: /lib/x86_64-linux-gnu/libc.so.6: version `GLIBC_2.38' not found (required by /tmp/phaedra2-openjpeg16779032111846797060/libopenjp2.so) [in thread "main"]
	at java.base/jdk.internal.loader.NativeLibraries.load(Native Method)
	at java.base/jdk.internal.loader.NativeLibraries$NativeLibraryImpl.open(NativeLibraries.java:331)
	at java.base/jdk.internal.loader.NativeLibraries.loadLibrary(NativeLibraries.java:197)
	at java.base/jdk.internal.loader.NativeLibraries.loadLibrary(NativeLibraries.java:139)
	at java.base/java.lang.ClassLoader.loadLibrary(ClassLoader.java:2418)
	at java.base/java.lang.Runtime.load0(Runtime.java:852)
	at java.base/java.lang.System.load(System.java:2025)
	at eu.openanalytics.phaedra.imaging.jp2k.openjpeg.OpenJPEGLibLoader.load(OpenJPEGLibLoader.java:70)
	at eu.openanalytics.phaedra.imaging.jp2k.openjpeg.OpenJPEGCodec.<clinit>(OpenJPEGCodec.java:47)
	at eu.openanalytics.phaedra.imaging.CodecFactory.createCodec(CodecFactory.java:38)
	at eu.openanalytics.phaedra.imaging.CodecTest.testDecodeFull(CodecTest.java:48)
	... 3 more

[ERROR] eu.openanalytics.phaedra.imaging.CodecTest.testEncode8bit -- Time elapsed: 0.306 s <<< ERROR!
java.lang.NoClassDefFoundError: Could not initialize class eu.openanalytics.phaedra.imaging.jp2k.openjpeg.OpenJPEGCodec
	at eu.openanalytics.phaedra.imaging.CodecFactory.createCodec(CodecFactory.java:38)
	at eu.openanalytics.phaedra.imaging.CodecTest.testEncode(CodecTest.java:134)
	at eu.openanalytics.phaedra.imaging.CodecTest.testEncode8bit(CodecTest.java:120)
	at java.base/java.lang.reflect.Method.invoke(Method.java:580)
	at java.base/java.util.ArrayList.forEach(ArrayList.java:1596)
	at java.base/java.util.ArrayList.forEach(ArrayList.java:1596)
Caused by: java.lang.ExceptionInInitializerError: Exception java.lang.UnsatisfiedLinkError: /tmp/phaedra2-openjpeg16779032111846797060/libopenjp2.so: /lib/x86_64-linux-gnu/libc.so.6: version `GLIBC_2.38' not found (required by /tmp/phaedra2-openjpeg16779032111846797060/libopenjp2.so) [in thread "main"]
	at java.base/jdk.internal.loader.NativeLibraries.load(Native Method)
	at java.base/jdk.internal.loader.NativeLibraries$NativeLibraryImpl.open(NativeLibraries.java:331)
	at java.base/jdk.internal.loader.NativeLibraries.loadLibrary(NativeLibraries.java:197)
	at java.base/jdk.internal.loader.NativeLibraries.loadLibrary(NativeLibraries.java:139)
	at java.base/java.lang.ClassLoader.loadLibrary(ClassLoader.java:2418)
	at java.base/java.lang.Runtime.load0(Runtime.java:852)
	at java.base/java.lang.System.load(System.java:2025)
	at eu.openanalytics.phaedra.imaging.jp2k.openjpeg.OpenJPEGLibLoader.load(OpenJPEGLibLoader.java:70)
	at eu.openanalytics.phaedra.imaging.jp2k.openjpeg.OpenJPEGCodec.<clinit>(OpenJPEGCodec.java:47)
	at eu.openanalytics.phaedra.imaging.CodecFactory.createCodec(CodecFactory.java:38)
	at eu.openanalytics.phaedra.imaging.CodecTest.testDecodeFull(CodecTest.java:48)
	... 3 more

[ERROR] eu.openanalytics.phaedra.imaging.CodecTest.testDecodeRegion -- Time elapsed: 0.002 s <<< ERROR!
java.lang.NoClassDefFoundError: Could not initialize class eu.openanalytics.phaedra.imaging.jp2k.openjpeg.OpenJPEGCodec
	at eu.openanalytics.phaedra.imaging.CodecFactory.createCodec(CodecFactory.java:38)
	at eu.openanalytics.phaedra.imaging.CodecTest.testDecodeRegion(CodecTest.java:99)
	at java.base/java.lang.reflect.Method.invoke(Method.java:580)
	at java.base/java.util.ArrayList.forEach(ArrayList.java:1596)
	at java.base/java.util.ArrayList.forEach(ArrayList.java:1596)
Caused by: java.lang.ExceptionInInitializerError: Exception java.lang.UnsatisfiedLinkError: /tmp/phaedra2-openjpeg16779032111846797060/libopenjp2.so: /lib/x86_64-linux-gnu/libc.so.6: version `GLIBC_2.38' not found (required by /tmp/phaedra2-openjpeg16779032111846797060/libopenjp2.so) [in thread "main"]
	at java.base/jdk.internal.loader.NativeLibraries.load(Native Method)
	at java.base/jdk.internal.loader.NativeLibraries$NativeLibraryImpl.open(NativeLibraries.java:331)
	at java.base/jdk.internal.loader.NativeLibraries.loadLibrary(NativeLibraries.java:197)
	at java.base/jdk.internal.loader.NativeLibraries.loadLibrary(NativeLibraries.java:139)
	at java.base/java.lang.ClassLoader.loadLibrary(ClassLoader.java:2418)
	at java.base/java.lang.Runtime.load0(Runtime.java:852)
	at java.base/java.lang.System.load(System.java:2025)
	at eu.openanalytics.phaedra.imaging.jp2k.openjpeg.OpenJPEGLibLoader.load(OpenJPEGLibLoader.java:70)
	at eu.openanalytics.phaedra.imaging.jp2k.openjpeg.OpenJPEGCodec.<clinit>(OpenJPEGCodec.java:47)
	at eu.openanalytics.phaedra.imaging.CodecFactory.createCodec(CodecFactory.java:38)
	at eu.openanalytics.phaedra.imaging.CodecTest.testDecodeFull(CodecTest.java:48)
	... 3 more

[ERROR] eu.openanalytics.phaedra.imaging.CodecTest.testDecodeScaled -- Time elapsed: 0.001 s <<< ERROR!
java.lang.NoClassDefFoundError: Could not initialize class eu.openanalytics.phaedra.imaging.jp2k.openjpeg.OpenJPEGCodec
	at eu.openanalytics.phaedra.imaging.CodecFactory.createCodec(CodecFactory.java:38)
	at eu.openanalytics.phaedra.imaging.CodecTest.testDecodeScaled(CodecTest.java:65)
	at java.base/java.lang.reflect.Method.invoke(Method.java:580)
	at java.base/java.util.ArrayList.forEach(ArrayList.java:1596)
	at java.base/java.util.ArrayList.forEach(ArrayList.java:1596)
Caused by: java.lang.ExceptionInInitializerError: Exception java.lang.UnsatisfiedLinkError: /tmp/phaedra2-openjpeg16779032111846797060/libopenjp2.so: /lib/x86_64-linux-gnu/libc.so.6: version `GLIBC_2.38' not found (required by /tmp/phaedra2-openjpeg16779032111846797060/libopenjp2.so) [in thread "main"]
	at java.base/jdk.internal.loader.NativeLibraries.load(Native Method)
	at java.base/jdk.internal.loader.NativeLibraries$NativeLibraryImpl.open(NativeLibraries.java:331)
	at java.base/jdk.internal.loader.NativeLibraries.loadLibrary(NativeLibraries.java:197)
	at java.base/jdk.internal.loader.NativeLibraries.loadLibrary(NativeLibraries.java:139)
	at java.base/java.lang.ClassLoader.loadLibrary(ClassLoader.java:2418)
	at java.base/java.lang.Runtime.load0(Runtime.java:852)
	at java.base/java.lang.System.load(System.java:2025)
	at eu.openanalytics.phaedra.imaging.jp2k.openjpeg.OpenJPEGLibLoader.load(OpenJPEGLibLoader.java:70)
	at eu.openanalytics.phaedra.imaging.jp2k.openjpeg.OpenJPEGCodec.<clinit>(OpenJPEGCodec.java:47)
	at eu.openanalytics.phaedra.imaging.CodecFactory.createCodec(CodecFactory.java:38)
	at eu.openanalytics.phaedra.imaging.CodecTest.testDecodeFull(CodecTest.java:48)
	... 3 more

[ERROR] eu.openanalytics.phaedra.imaging.CodecTest.testDecodeFixedSize -- Time elapsed: 0.001 s <<< ERROR!
java.lang.NoClassDefFoundError: Could not initialize class eu.openanalytics.phaedra.imaging.jp2k.openjpeg.OpenJPEGCodec
	at eu.openanalytics.phaedra.imaging.CodecFactory.createCodec(CodecFactory.java:38)
	at eu.openanalytics.phaedra.imaging.CodecTest.testDecodeFixedSize(CodecTest.java:82)
	at java.base/java.lang.reflect.Method.invoke(Method.java:580)
	at java.base/java.util.ArrayList.forEach(ArrayList.java:1596)
	at java.base/java.util.ArrayList.forEach(ArrayList.java:1596)
Caused by: java.lang.ExceptionInInitializerError: Exception java.lang.UnsatisfiedLinkError: /tmp/phaedra2-openjpeg16779032111846797060/libopenjp2.so: /lib/x86_64-linux-gnu/libc.so.6: version `GLIBC_2.38' not found (required by /tmp/phaedra2-openjpeg16779032111846797060/libopenjp2.so) [in thread "main"]
	at java.base/jdk.internal.loader.NativeLibraries.load(Native Method)
	at java.base/jdk.internal.loader.NativeLibraries$NativeLibraryImpl.open(NativeLibraries.java:331)
	at java.base/jdk.internal.loader.NativeLibraries.loadLibrary(NativeLibraries.java:197)
	at java.base/jdk.internal.loader.NativeLibraries.loadLibrary(NativeLibraries.java:139)
	at java.base/java.lang.ClassLoader.loadLibrary(ClassLoader.java:2418)
	at java.base/java.lang.Runtime.load0(Runtime.java:852)
	at java.base/java.lang.System.load(System.java:2025)
	at eu.openanalytics.phaedra.imaging.jp2k.openjpeg.OpenJPEGLibLoader.load(OpenJPEGLibLoader.java:70)
	at eu.openanalytics.phaedra.imaging.jp2k.openjpeg.OpenJPEGCodec.<clinit>(OpenJPEGCodec.java:47)
	at eu.openanalytics.phaedra.imaging.CodecFactory.createCodec(CodecFactory.java:38)
	at eu.openanalytics.phaedra.imaging.CodecTest.testDecodeFull(CodecTest.java:48)
	... 3 more

[INFO] Running eu.openanalytics.phaedra.imaging.ImageDataLoaderTest
08:30:10.897 [main] INFO loci.formats.ImageReader -- JPEGReader initializing /tmp/ph2-testfile17559196047774394780.jpg
08:30:10.900 [main] INFO loci.formats.FormatHandler -- Populating metadata
08:30:11.088 [main] INFO loci.formats.FormatHandler -- Parsing JPEG EXIF data
Decoded 2768896 pixels from samples/sample.jpg in 1011 ms
08:30:11.491 [main] INFO loci.formats.ImageReader -- APNGReader initializing /tmp/ph2-testfile2295626846229880415.png
Decoded 2768896 pixels from samples/sample.png in 131 ms
08:30:11.671 [main] INFO loci.formats.in.MinimalTiffReader -- Reading IFDs
08:30:11.693 [main] INFO loci.formats.in.MinimalTiffReader -- Populating metadata
08:30:11.694 [main] INFO loci.formats.in.TiffReader -- Checking comment style
08:30:11.694 [main] INFO loci.formats.in.BaseTiffReader -- Populating OME metadata
Decoded 5505024 pixels from samples/sample.tif in 137 ms
[ERROR] Tests run: 5, Failures: 0, Errors: 2, Skipped: 0, Time elapsed: 1.405 s <<< FAILURE! -- in eu.openanalytics.phaedra.imaging.ImageDataLoaderTest
[ERROR] eu.openanalytics.phaedra.imaging.ImageDataLoaderTest.testRenderToJPG -- Time elapsed: 0.001 s <<< ERROR!
java.lang.NoClassDefFoundError: Could not initialize class eu.openanalytics.phaedra.imaging.jp2k.openjpeg.OpenJPEGCodec
	at eu.openanalytics.phaedra.imaging.CodecFactory.createCodec(CodecFactory.java:38)
	at eu.openanalytics.phaedra.imaging.ImageDataLoaderTest.testRenderToFormat(ImageDataLoaderTest.java:55)
	at eu.openanalytics.phaedra.imaging.ImageDataLoaderTest.testRenderToJPG(ImageDataLoaderTest.java:51)
	at java.base/java.lang.reflect.Method.invoke(Method.java:580)
	at java.base/java.util.ArrayList.forEach(ArrayList.java:1596)
	at java.base/java.util.ArrayList.forEach(ArrayList.java:1596)
Caused by: java.lang.ExceptionInInitializerError: Exception java.lang.UnsatisfiedLinkError: /tmp/phaedra2-openjpeg16779032111846797060/libopenjp2.so: /lib/x86_64-linux-gnu/libc.so.6: version `GLIBC_2.38' not found (required by /tmp/phaedra2-openjpeg16779032111846797060/libopenjp2.so) [in thread "main"]
	at java.base/jdk.internal.loader.NativeLibraries.load(Native Method)
	at java.base/jdk.internal.loader.NativeLibraries$NativeLibraryImpl.open(NativeLibraries.java:331)
	at java.base/jdk.internal.loader.NativeLibraries.loadLibrary(NativeLibraries.java:197)
	at java.base/jdk.internal.loader.NativeLibraries.loadLibrary(NativeLibraries.java:139)
	at java.base/java.lang.ClassLoader.loadLibrary(ClassLoader.java:2418)
	at java.base/java.lang.Runtime.load0(Runtime.java:852)
	at java.base/java.lang.System.load(System.java:2025)
	at eu.openanalytics.phaedra.imaging.jp2k.openjpeg.OpenJPEGLibLoader.load(OpenJPEGLibLoader.java:70)
	at eu.openanalytics.phaedra.imaging.jp2k.openjpeg.OpenJPEGCodec.<clinit>(OpenJPEGCodec.java:47)
	at eu.openanalytics.phaedra.imaging.CodecFactory.createCodec(CodecFactory.java:38)
	at eu.openanalytics.phaedra.imaging.CodecTest.testDecodeFull(CodecTest.java:48)
	... 3 more

[ERROR] eu.openanalytics.phaedra.imaging.ImageDataLoaderTest.testRenderToPNG -- Time elapsed: 0.001 s <<< ERROR!
java.lang.NoClassDefFoundError: Could not initialize class eu.openanalytics.phaedra.imaging.jp2k.openjpeg.OpenJPEGCodec
	at eu.openanalytics.phaedra.imaging.CodecFactory.createCodec(CodecFactory.java:38)
	at eu.openanalytics.phaedra.imaging.ImageDataLoaderTest.testRenderToFormat(ImageDataLoaderTest.java:55)
	at eu.openanalytics.phaedra.imaging.ImageDataLoaderTest.testRenderToPNG(ImageDataLoaderTest.java:46)
	at java.base/java.lang.reflect.Method.invoke(Method.java:580)
	at java.base/java.util.ArrayList.forEach(ArrayList.java:1596)
	at java.base/java.util.ArrayList.forEach(ArrayList.java:1596)
Caused by: java.lang.ExceptionInInitializerError: Exception java.lang.UnsatisfiedLinkError: /tmp/phaedra2-openjpeg16779032111846797060/libopenjp2.so: /lib/x86_64-linux-gnu/libc.so.6: version `GLIBC_2.38' not found (required by /tmp/phaedra2-openjpeg16779032111846797060/libopenjp2.so) [in thread "main"]
	at java.base/jdk.internal.loader.NativeLibraries.load(Native Method)
	at java.base/jdk.internal.loader.NativeLibraries$NativeLibraryImpl.open(NativeLibraries.java:331)
	at java.base/jdk.internal.loader.NativeLibraries.loadLibrary(NativeLibraries.java:197)
	at java.base/jdk.internal.loader.NativeLibraries.loadLibrary(NativeLibraries.java:139)
	at java.base/java.lang.ClassLoader.loadLibrary(ClassLoader.java:2418)
	at java.base/java.lang.Runtime.load0(Runtime.java:852)
	at java.base/java.lang.System.load(System.java:2025)
	at eu.openanalytics.phaedra.imaging.jp2k.openjpeg.OpenJPEGLibLoader.load(OpenJPEGLibLoader.java:70)
	at eu.openanalytics.phaedra.imaging.jp2k.openjpeg.OpenJPEGCodec.<clinit>(OpenJPEGCodec.java:47)
	at eu.openanalytics.phaedra.imaging.CodecFactory.createCodec(CodecFactory.java:38)
	at eu.openanalytics.phaedra.imaging.CodecTest.testDecodeFull(CodecTest.java:48)
	... 3 more

[INFO] Running eu.openanalytics.phaedra.imaging.ImageRenderServiceTest
[ERROR] Tests run: 1, Failures: 0, Errors: 1, Skipped: 0, Time elapsed: 0.053 s <<< FAILURE! -- in eu.openanalytics.phaedra.imaging.ImageRenderServiceTest
[ERROR] eu.openanalytics.phaedra.imaging.ImageRenderServiceTest.testRender -- Time elapsed: 0.052 s <<< ERROR!
java.lang.UnsatisfiedLinkError: /tmp/phaedra2-openjpeg4344431192998324770/libopenjp2.so: /lib/x86_64-linux-gnu/libc.so.6: version `GLIBC_2.38' not found (required by /tmp/phaedra2-openjpeg4344431192998324770/libopenjp2.so)
	at java.base/jdk.internal.loader.NativeLibraries.load(Native Method)
	at java.base/jdk.internal.loader.NativeLibraries$NativeLibraryImpl.open(NativeLibraries.java:331)
	at java.base/jdk.internal.loader.NativeLibraries.loadLibrary(NativeLibraries.java:197)
	at java.base/jdk.internal.loader.NativeLibraries.loadLibrary(NativeLibraries.java:139)
	at java.base/java.lang.ClassLoader.loadLibrary(ClassLoader.java:2418)
	at java.base/java.lang.Runtime.load0(Runtime.java:852)
	at java.base/java.lang.System.load(System.java:2025)
	at eu.openanalytics.phaedra.imaging.jp2k.openjpeg.OpenJPEGLibLoader.load(OpenJPEGLibLoader.java:70)
	at eu.openanalytics.phaedra.imaging.ImageRenderServiceTest.testRender(ImageRenderServiceTest.java:38)
	at java.base/java.lang.reflect.Method.invoke(Method.java:580)
	at java.base/java.util.ArrayList.forEach(ArrayList.java:1596)
	at java.base/java.util.ArrayList.forEach(ArrayList.java:1596)

[INFO] Running eu.openanalytics.phaedra.imaging.OpenJPEGLibTest
[ERROR] Tests run: 2, Failures: 0, Errors: 2, Skipped: 0, Time elapsed: 0.010 s <<< FAILURE! -- in eu.openanalytics.phaedra.imaging.OpenJPEGLibTest
[ERROR] eu.openanalytics.phaedra.imaging.OpenJPEGLibTest.testLoadLibraries -- Time elapsed: 0.003 s <<< ERROR!
java.lang.UnsatisfiedLinkError: /tmp/phaedra2-openjpeg16173311300793938509/libopenjp2.so: /lib/x86_64-linux-gnu/libc.so.6: version `GLIBC_2.38' not found (required by /tmp/phaedra2-openjpeg16173311300793938509/libopenjp2.so)
	at java.base/jdk.internal.loader.NativeLibraries.load(Native Method)
	at java.base/jdk.internal.loader.NativeLibraries$NativeLibraryImpl.open(NativeLibraries.java:331)
	at java.base/jdk.internal.loader.NativeLibraries.loadLibrary(NativeLibraries.java:197)
	at java.base/jdk.internal.loader.NativeLibraries.loadLibrary(NativeLibraries.java:139)
	at java.base/java.lang.ClassLoader.loadLibrary(ClassLoader.java:2418)
	at java.base/java.lang.Runtime.load0(Runtime.java:852)
	at java.base/java.lang.System.load(System.java:2025)
	at eu.openanalytics.phaedra.imaging.jp2k.openjpeg.OpenJPEGLibLoader.load(OpenJPEGLibLoader.java:70)
	at eu.openanalytics.phaedra.imaging.OpenJPEGLibTest.testLoadLibraries(OpenJPEGLibTest.java:39)
	at java.base/java.lang.reflect.Method.invoke(Method.java:580)
	at java.base/java.util.ArrayList.forEach(ArrayList.java:1596)
	at java.base/java.util.ArrayList.forEach(ArrayList.java:1596)

[ERROR] eu.openanalytics.phaedra.imaging.OpenJPEGLibTest.testDecode -- Time elapsed: 0.005 s <<< ERROR!
java.lang.UnsatisfiedLinkError: 'void org.openjpeg.JavaByteSource.initClass()'
	at org.openjpeg.JavaByteSource.initClass(Native Method)
	at org.openjpeg.JavaByteSource.<clinit>(JavaByteSource.java:45)
	at eu.openanalytics.phaedra.imaging.OpenJPEGLibTest.testDecode(OpenJPEGLibTest.java:47)
	at java.base/java.lang.reflect.Method.invoke(Method.java:580)
	at java.base/java.util.ArrayList.forEach(ArrayList.java:1596)
	at java.base/java.util.ArrayList.forEach(ArrayList.java:1596)

[INFO] 
[INFO] Results:
[INFO] 
[ERROR] Errors: 
[ERROR]   CodecTest.testDecodeFixedSize:82 » NoClassDefFound Could not initialize class eu.openanalytics.phaedra.imaging.jp2k.openjpeg.OpenJPEGCodec
[ERROR]   CodecTest.testDecodeFull:48 » UnsatisfiedLink /tmp/phaedra2-openjpeg16779032111846797060/libopenjp2.so: /lib/x86_64-linux-gnu/libc.so.6: version `GLIBC_2.38' not found (required by /tmp/phaedra2-openjpeg16779032111846797060/libopenjp2.so)
[ERROR]   CodecTest.testDecodeRegion:99 » NoClassDefFound Could not initialize class eu.openanalytics.phaedra.imaging.jp2k.openjpeg.OpenJPEGCodec
[ERROR]   CodecTest.testDecodeScaled:65 » NoClassDefFound Could not initialize class eu.openanalytics.phaedra.imaging.jp2k.openjpeg.OpenJPEGCodec
[ERROR]   CodecTest.testEncode1bit:130->testEncode:134 » NoClassDefFound Could not initialize class eu.openanalytics.phaedra.imaging.jp2k.openjpeg.OpenJPEGCodec
[ERROR]   CodecTest.testEncode8bit:120->testEncode:134 » NoClassDefFound Could not initialize class eu.openanalytics.phaedra.imaging.jp2k.openjpeg.OpenJPEGCodec
[ERROR]   ImageDataLoaderTest.testRenderToJPG:51->testRenderToFormat:55 » NoClassDefFound Could not initialize class eu.openanalytics.phaedra.imaging.jp2k.openjpeg.OpenJPEGCodec
[ERROR]   ImageDataLoaderTest.testRenderToPNG:46->testRenderToFormat:55 » NoClassDefFound Could not initialize class eu.openanalytics.phaedra.imaging.jp2k.openjpeg.OpenJPEGCodec
[ERROR]   ImageRenderServiceTest.testRender:38 » UnsatisfiedLink /tmp/phaedra2-openjpeg4344431192998324770/libopenjp2.so: /lib/x86_64-linux-gnu/libc.so.6: version `GLIBC_2.38' not found (required by /tmp/phaedra2-openjpeg4344431192998324770/libopenjp2.so)
[ERROR]   OpenJPEGLibTest.testDecode:47 » UnsatisfiedLink 'void org.openjpeg.JavaByteSource.initClass()'
[ERROR]   OpenJPEGLibTest.testLoadLibraries:39 » UnsatisfiedLink /tmp/phaedra2-openjpeg16173311300793938509/libopenjp2.so: /lib/x86_64-linux-gnu/libc.so.6: version `GLIBC_2.38' not found (required by /tmp/phaedra2-openjpeg16173311300793938509/libopenjp2.so)
[INFO] 
[ERROR] Tests run: 14, Failures: 0, Errors: 11, Skipped: 0
[INFO] 
[INFO] ------------------------------------------------------------------------
[INFO] BUILD FAILURE
[INFO] ------------------------------------------------------------------------
[INFO] Total time:  7.729 s
[INFO] Finished at: 2025-09-19T08:30:11Z
```